[2025-06-18 08:22:29] [DEBUG] Load playlist: 1 written to: C:\repos\RPCS3_Launchers\_build\rpcl3_music_player.ini
[2025-06-18 08:22:29] [DEBUG] Load playlist: Asc written to: C:\repos\RPCS3_Launchers\_build\rpcl3_music_player.ini
[2025-06-18 09:22:10] [DEBUG] Load playlist: 1 written to: C:\repos\RPCS3_Launchers\_build\rpcl3_music_player.ini
[2025-06-18 09:22:10] [DEBUG] Load playlist: Asc written to: C:\repos\RPCS3_Launchers\_build\rpcl3_music_player.ini
[2025-06-18 09:25:23] [DEBUG] File path from LV_GetText: Full Path
[2025-06-18 09:25:26] [ERROR] Track clicked, file not found from LV_GetText: Full Path
[2025-06-18 09:25:30] [DEBUG] File path from LV_GetText: Full Path
[2025-06-18 09:25:40] [ERROR] Track clicked, file not found from LV_GetText: Full Path
[2025-06-18 09:25:54] [DEBUG] Load playlist: 1 written to: C:\repos\RPCS3_Launchers\_build\rpcl3_music_player.ini
[2025-06-18 09:25:54] [DEBUG] Load playlist: Asc written to: C:\repos\RPCS3_Launchers\_build\rpcl3_music_player.ini
[2025-06-18 09:27:50] [DEBUG] Save Playlist track: C:\repos\RPCS3_Launchers\_build\rpcl3_recordings\rpcl3_test.mp3C:\repos\RPCS3_Launchers\_build\rpcl3_recordings\rpcl3_playlist.m3u
[2025-06-18 09:27:50] [DEBUG] Save Playlist track: C:\repos\RPCS3_Launchers\_build\rpcl3_recordings\rpcs3_audio_2025-06-10_23-40-17.wavC:\repos\RPCS3_Launchers\_build\rpcl3_recordings\rpcl3_playlist.m3u
[2025-06-18 09:27:50] [DEBUG] Save Playlist track: C:\repos\RPCS3_Launchers\_build\rpcl3_recordings\rpcs3_audio_2025-06-10_23-40-32.wavC:\repos\RPCS3_Launchers\_build\rpcl3_recordings\rpcl3_playlist.m3u
[2025-06-18 09:27:50] [DEBUG] Save Playlist track: C:\repos\RPCS3_Launchers\_build\rpcl3_recordings\rpcs3_audio_2025-06-10_23-41-05.wavC:\repos\RPCS3_Launchers\_build\rpcl3_recordings\rpcl3_playlist.m3u
[2025-06-18 09:27:50] [DEBUG] Save Playlist track: C:\repos\RPCS3_Launchers\_build\rpcl3_recordings\rpcs3_audio_2025-06-17_20-38-08.wavC:\repos\RPCS3_Launchers\_build\rpcl3_recordings\rpcl3_playlist.m3u
[2025-06-18 09:32:40] [DEBUG] Load playlist: 1 written to: C:\repos\RPCS3_Launchers\_build\rpcl3_music_player.ini
[2025-06-18 09:32:40] [DEBUG] Load playlist: Asc written to: C:\repos\RPCS3_Launchers\_build\rpcl3_music_player.ini
[2025-06-18 09:33:51] [DEBUG] File path from LV_GetText: C:\repos\RPCS3_Launchers\_build\rpcl3_recordings\rpcl3_test.mp3
[2025-06-18 09:35:24] [DEBUG] Load playlist: 1 written to: C:\repos\RPCS3_Launchers\_build\rpcl3_music_player.ini
[2025-06-18 09:35:24] [DEBUG] Load playlist: Asc written to: C:\repos\RPCS3_Launchers\_build\rpcl3_music_player.ini
[2025-06-18 09:35:58] [DEBUG] Save Playlist track: C:\repos\RPCS3_Launchers\_build\rpcl3_recordings\rpcl3_test.mp3C:\repos\RPCS3_Launchers\_build\rpcl3_recordings\rpcl3_playlist.m3u
[2025-06-18 09:35:58] [DEBUG] Save Playlist track: C:\repos\RPCS3_Launchers\_build\rpcl3_recordings\rpcs3_audio_2025-06-10_23-40-17.wavC:\repos\RPCS3_Launchers\_build\rpcl3_recordings\rpcl3_playlist.m3u
[2025-06-18 09:35:58] [DEBUG] Save Playlist track: C:\repos\RPCS3_Launchers\_build\rpcl3_recordings\rpcs3_audio_2025-06-10_23-40-32.wavC:\repos\RPCS3_Launchers\_build\rpcl3_recordings\rpcl3_playlist.m3u
[2025-06-18 09:35:58] [DEBUG] Save Playlist track: C:\repos\RPCS3_Launchers\_build\rpcl3_recordings\rpcs3_audio_2025-06-10_23-41-05.wavC:\repos\RPCS3_Launchers\_build\rpcl3_recordings\rpcl3_playlist.m3u
[2025-06-18 09:35:58] [DEBUG] Save Playlist track: C:\repos\RPCS3_Launchers\_build\rpcl3_recordings\rpcs3_audio_2025-06-17_20-38-08.wavC:\repos\RPCS3_Launchers\_build\rpcl3_recordings\rpcl3_playlist.m3u
[2025-06-18 09:36:01] [DEBUG] Load playlist: 1 written to: C:\repos\RPCS3_Launchers\_build\rpcl3_music_player.ini
[2025-06-18 09:36:01] [DEBUG] Load playlist: Asc written to: C:\repos\RPCS3_Launchers\_build\rpcl3_music_player.ini
[2025-06-18 09:37:26] [DEBUG] Load playlist: 1 written to: C:\repos\RPCS3_Launchers\_build\rpcl3_music_player.ini
[2025-06-18 09:37:26] [DEBUG] Load playlist: Asc written to: C:\repos\RPCS3_Launchers\_build\rpcl3_music_player.ini
[2025-06-18 09:38:05] [DEBUG] Load playlist: 1 written to: C:\repos\RPCS3_Launchers\_build\rpcl3_music_player.ini
[2025-06-18 09:38:05] [DEBUG] Load playlist: Asc written to: C:\repos\RPCS3_Launchers\_build\rpcl3_music_player.ini
[2025-06-18 09:39:14] [DEBUG] Load playlist: 1 written to: C:\repos\RPCS3_Launchers\_build\rpcl3_music_player.ini
[2025-06-18 09:39:14] [DEBUG] Load playlist: Asc written to: C:\repos\RPCS3_Launchers\_build\rpcl3_music_player.ini
[2025-06-18 09:40:05] [DEBUG] Load playlist: 1 written to: C:\repos\RPCS3_Launchers\_build\rpcl3_music_player.ini
[2025-06-18 09:40:05] [DEBUG] Load playlist: Asc written to: C:\repos\RPCS3_Launchers\_build\rpcl3_music_player.ini
[2025-06-18 09:41:02] [DEBUG] Load playlist: 1 written to: C:\repos\RPCS3_Launchers\_build\rpcl3_music_player.ini
[2025-06-18 09:41:02] [DEBUG] Load playlist: Asc written to: C:\repos\RPCS3_Launchers\_build\rpcl3_music_player.ini
[2025-06-18 09:43:04] [DEBUG] Load playlist: 1 written to: C:\repos\RPCS3_Launchers\_build\rpcl3_music_player.ini
[2025-06-18 09:43:04] [DEBUG] Load playlist: Asc written to: C:\repos\RPCS3_Launchers\_build\rpcl3_music_player.ini
[2025-06-18 09:43:14] [DEBUG] File path from LV_GetText: C:\repos\RPCS3_Launchers\_build\rpcl3_recordings\rpcl3_test.mp3
[2025-06-18 09:44:31] [DEBUG] Load playlist: 1 written to: C:\repos\RPCS3_Launchers\_build\rpcl3_music_player.ini
[2025-06-18 09:44:31] [DEBUG] Load playlist: Asc written to: C:\repos\RPCS3_Launchers\_build\rpcl3_music_player.ini
[2025-06-18 09:44:37] [DEBUG] Save Playlist track: C:\repos\RPCS3_Launchers\_build\rpcl3_recordings\rpcl3_test.mp3C:\repos\RPCS3_Launchers\_build\rpcl3_recordings\rpcl3_playlist.m3u
[2025-06-18 09:44:37] [DEBUG] Save Playlist track: C:\repos\RPCS3_Launchers\_build\rpcl3_recordings\rpcs3_audio_2025-06-10_23-40-17.wavC:\repos\RPCS3_Launchers\_build\rpcl3_recordings\rpcl3_playlist.m3u
[2025-06-18 09:44:37] [DEBUG] Save Playlist track: C:\repos\RPCS3_Launchers\_build\rpcl3_recordings\rpcs3_audio_2025-06-10_23-40-32.wavC:\repos\RPCS3_Launchers\_build\rpcl3_recordings\rpcl3_playlist.m3u
[2025-06-18 09:44:37] [DEBUG] Save Playlist track: C:\repos\RPCS3_Launchers\_build\rpcl3_recordings\rpcs3_audio_2025-06-10_23-41-05.wavC:\repos\RPCS3_Launchers\_build\rpcl3_recordings\rpcl3_playlist.m3u
[2025-06-18 09:44:37] [DEBUG] Save Playlist track: C:\repos\RPCS3_Launchers\_build\rpcl3_recordings\rpcs3_audio_2025-06-17_20-38-08.wavC:\repos\RPCS3_Launchers\_build\rpcl3_recordings\rpcl3_playlist.m3u
[2025-06-18 09:45:18] [DEBUG] Load playlist: 1 written to: C:\repos\RPCS3_Launchers\_build\rpcl3_music_player.ini
[2025-06-18 09:45:18] [DEBUG] Load playlist: Asc written to: C:\repos\RPCS3_Launchers\_build\rpcl3_music_player.ini
[2025-06-18 09:45:23] [DEBUG] Save Playlist track: C:\repos\RPCS3_Launchers\_build\rpcl3_recordings\rpcl3_test.mp3C:\repos\RPCS3_Launchers\_build\rpcl3_recordings\rpcl3_playlist.m3u
[2025-06-18 09:45:23] [DEBUG] Save Playlist track: C:\repos\RPCS3_Launchers\_build\rpcl3_recordings\rpcs3_audio_2025-06-10_23-40-17.wavC:\repos\RPCS3_Launchers\_build\rpcl3_recordings\rpcl3_playlist.m3u
[2025-06-18 09:45:23] [DEBUG] Save Playlist track: C:\repos\RPCS3_Launchers\_build\rpcl3_recordings\rpcs3_audio_2025-06-10_23-40-32.wavC:\repos\RPCS3_Launchers\_build\rpcl3_recordings\rpcl3_playlist.m3u
[2025-06-18 09:45:23] [DEBUG] Save Playlist track: C:\repos\RPCS3_Launchers\_build\rpcl3_recordings\rpcs3_audio_2025-06-10_23-41-05.wavC:\repos\RPCS3_Launchers\_build\rpcl3_recordings\rpcl3_playlist.m3u
[2025-06-18 09:45:23] [DEBUG] Save Playlist track: C:\repos\RPCS3_Launchers\_build\rpcl3_recordings\rpcs3_audio_2025-06-17_20-38-08.wavC:\repos\RPCS3_Launchers\_build\rpcl3_recordings\rpcl3_playlist.m3u
[2025-06-18 09:45:58] [DEBUG] Load playlist: 1 written to: C:\repos\RPCS3_Launchers\_build\rpcl3_music_player.ini
[2025-06-18 09:45:58] [DEBUG] Load playlist: Asc written to: C:\repos\RPCS3_Launchers\_build\rpcl3_music_player.ini
[2025-06-18 09:47:15] [DEBUG] Load playlist: 1 written to: C:\repos\RPCS3_Launchers\_build\rpcl3_music_player.ini
[2025-06-18 09:47:15] [DEBUG] Load playlist: Asc written to: C:\repos\RPCS3_Launchers\_build\rpcl3_music_player.ini
[2025-06-18 09:48:02] [DEBUG] Load playlist: 1 written to: C:\repos\RPCS3_Launchers\_build\rpcl3_music_player.ini
[2025-06-18 09:48:02] [DEBUG] Load playlist: Asc written to: C:\repos\RPCS3_Launchers\_build\rpcl3_music_player.ini
[2025-06-18 09:48:23] [DEBUG] Load playlist: 1 written to: C:\repos\RPCS3_Launchers\_build\rpcl3_music_player.ini
[2025-06-18 09:48:23] [DEBUG] Load playlist: Asc written to: C:\repos\RPCS3_Launchers\_build\rpcl3_music_player.ini
[2025-06-18 09:48:37] [DEBUG] File path from LV_GetText: C:\repos\RPCS3_Launchers\_build\rpcl3_recordings\rpcl3_test.mp3
[2025-06-18 09:49:19] [DEBUG] Load playlist: 1 written to: C:\repos\RPCS3_Launchers\_build\rpcl3_music_player.ini
[2025-06-18 09:49:19] [DEBUG] Load playlist: Asc written to: C:\repos\RPCS3_Launchers\_build\rpcl3_music_player.ini
[2025-06-18 09:49:23] [DEBUG] File path from LV_GetText: C:\repos\RPCS3_Launchers\_build\rpcl3_recordings\rpcl3_test.mp3
[2025-06-18 09:49:47] [DEBUG] Load playlist: 1 written to: C:\repos\RPCS3_Launchers\_build\rpcl3_music_player.ini
[2025-06-18 09:49:47] [DEBUG] Load playlist: Asc written to: C:\repos\RPCS3_Launchers\_build\rpcl3_music_player.ini
[2025-06-18 09:49:52] [DEBUG] File path from LV_GetText: C:\repos\RPCS3_Launchers\_build\rpcl3_recordings\rpcl3_test.mp3
[2025-06-18 09:50:34] [DEBUG] Load playlist: 1 written to: C:\repos\RPCS3_Launchers\_build\rpcl3_music_player.ini
[2025-06-18 09:50:34] [DEBUG] Load playlist: Asc written to: C:\repos\RPCS3_Launchers\_build\rpcl3_music_player.ini
[2025-06-18 09:50:38] [DEBUG] File path from LV_GetText: C:\repos\RPCS3_Launchers\_build\rpcl3_recordings\rpcl3_test.mp3
[2025-06-18 09:50:45] [DEBUG] File path from LV_GetText: C:\repos\RPCS3_Launchers\_build\rpcl3_recordings\rpcs3_audio_2025-06-10_23-40-17.wav
[2025-06-18 09:50:47] [DEBUG] File path from LV_GetText: C:\repos\RPCS3_Launchers\_build\rpcl3_recordings\rpcs3_audio_2025-06-10_23-41-05.wav
[2025-06-18 09:50:48] [DEBUG] File path from LV_GetText: C:\repos\RPCS3_Launchers\_build\rpcl3_recordings\rpcs3_audio_2025-06-17_20-38-08.wav
[2025-06-18 09:51:20] [DEBUG] File path from LV_GetText: C:\repos\RPCS3_Launchers\_build\rpcl3_recordings\rpcs3_audio_2025-06-10_23-40-17.wav
[2025-06-18 09:52:48] [DEBUG] Load playlist: 1 written to: C:\repos\RPCS3_Launchers\_build\rpcl3_music_player.ini
[2025-06-18 09:52:48] [DEBUG] Load playlist: Asc written to: C:\repos\RPCS3_Launchers\_build\rpcl3_music_player.ini
[2025-06-18 09:53:31] [DEBUG] Load playlist: 1 written to: C:\repos\RPCS3_Launchers\_build\rpcl3_music_player.ini
[2025-06-18 09:53:31] [DEBUG] Load playlist: Asc written to: C:\repos\RPCS3_Launchers\_build\rpcl3_music_player.ini
[2025-06-18 09:53:47] [DEBUG] Load playlist: 1 written to: C:\repos\RPCS3_Launchers\_build\rpcl3_music_player.ini
[2025-06-18 09:53:47] [DEBUG] Load playlist: Asc written to: C:\repos\RPCS3_Launchers\_build\rpcl3_music_player.ini
[2025-06-18 09:54:04] [DEBUG] Load playlist: 1 written to: C:\repos\RPCS3_Launchers\_build\rpcl3_music_player.ini
[2025-06-18 09:54:04] [DEBUG] Load playlist: Asc written to: C:\repos\RPCS3_Launchers\_build\rpcl3_music_player.ini
[2025-06-18 09:54:20] [DEBUG] Load playlist: 1 written to: C:\repos\RPCS3_Launchers\_build\rpcl3_music_player.ini
[2025-06-18 09:54:20] [DEBUG] Load playlist: Asc written to: C:\repos\RPCS3_Launchers\_build\rpcl3_music_player.ini
[2025-06-18 09:55:00] [DEBUG] Load playlist: 1 written to: C:\repos\RPCS3_Launchers\_build\rpcl3_music_player.ini
[2025-06-18 09:55:00] [DEBUG] Load playlist: Asc written to: C:\repos\RPCS3_Launchers\_build\rpcl3_music_player.ini
[2025-06-18 09:55:23] [DEBUG] Load playlist: 1 written to: C:\repos\RPCS3_Launchers\_build\rpcl3_music_player.ini
[2025-06-18 09:55:23] [DEBUG] Load playlist: Asc written to: C:\repos\RPCS3_Launchers\_build\rpcl3_music_player.ini
[2025-06-18 09:56:23] [DEBUG] Load playlist: 1 written to: C:\repos\RPCS3_Launchers\_build\rpcl3_music_player.ini
[2025-06-18 09:56:23] [DEBUG] Load playlist: Asc written to: C:\repos\RPCS3_Launchers\_build\rpcl3_music_player.ini
[2025-06-18 09:57:18] [DEBUG] File path from LV_GetText: C:\repos\RPCS3_Launchers\_build\rpcl3_recordings\rpcs3_audio_2025-06-10_23-40-32 - Copy.wav
[2025-06-18 09:57:20] [DEBUG] File path from LV_GetText: C:\repos\RPCS3_Launchers\_build\rpcl3_recordings\rpcs3_audio_2025-06-10_23-40-32 - Copy (2).wav
[2025-06-18 09:58:14] [DEBUG] Save Playlist track: C:\repos\RPCS3_Launchers\_build\rpcl3_recordings\rpcl3_test.mp3C:\repos\RPCS3_Launchers\_build\rpcl3_recordings\rpcl3_playlist.m3u
[2025-06-18 09:58:14] [DEBUG] Save Playlist track: C:\repos\RPCS3_Launchers\_build\rpcl3_recordings\rpcs3_audio_2025-06-10_23-40-17 - Copy (2).wavC:\repos\RPCS3_Launchers\_build\rpcl3_recordings\rpcl3_playlist.m3u
[2025-06-18 09:58:14] [DEBUG] Save Playlist track: C:\repos\RPCS3_Launchers\_build\rpcl3_recordings\rpcs3_audio_2025-06-10_23-40-17 - Copy.wavC:\repos\RPCS3_Launchers\_build\rpcl3_recordings\rpcl3_playlist.m3u
[2025-06-18 09:58:14] [DEBUG] Save Playlist track: C:\repos\RPCS3_Launchers\_build\rpcl3_recordings\rpcs3_audio_2025-06-10_23-40-17.wavC:\repos\RPCS3_Launchers\_build\rpcl3_recordings\rpcl3_playlist.m3u
[2025-06-18 09:58:14] [DEBUG] Save Playlist track: C:\repos\RPCS3_Launchers\_build\rpcl3_recordings\rpcs3_audio_2025-06-10_23-40-32 - Copy (2).wavC:\repos\RPCS3_Launchers\_build\rpcl3_recordings\rpcl3_playlist.m3u
[2025-06-18 09:58:14] [DEBUG] Save Playlist track: C:\repos\RPCS3_Launchers\_build\rpcl3_recordings\rpcs3_audio_2025-06-10_23-40-32 - Copy.wavC:\repos\RPCS3_Launchers\_build\rpcl3_recordings\rpcl3_playlist.m3u
[2025-06-18 09:58:14] [DEBUG] Save Playlist track: C:\repos\RPCS3_Launchers\_build\rpcl3_recordings\rpcs3_audio_2025-06-10_23-40-32.wavC:\repos\RPCS3_Launchers\_build\rpcl3_recordings\rpcl3_playlist.m3u
[2025-06-18 09:58:14] [DEBUG] Save Playlist track: C:\repos\RPCS3_Launchers\_build\rpcl3_recordings\rpcs3_audio_2025-06-10_23-41-05 - Copy (2).wavC:\repos\RPCS3_Launchers\_build\rpcl3_recordings\rpcl3_playlist.m3u
[2025-06-18 09:58:14] [DEBUG] Save Playlist track: C:\repos\RPCS3_Launchers\_build\rpcl3_recordings\rpcs3_audio_2025-06-10_23-41-05 - Copy.wavC:\repos\RPCS3_Launchers\_build\rpcl3_recordings\rpcl3_playlist.m3u
[2025-06-18 09:58:14] [DEBUG] Save Playlist track: C:\repos\RPCS3_Launchers\_build\rpcl3_recordings\rpcs3_audio_2025-06-10_23-41-05.wavC:\repos\RPCS3_Launchers\_build\rpcl3_recordings\rpcl3_playlist.m3u
[2025-06-18 09:58:14] [DEBUG] Save Playlist track: C:\repos\RPCS3_Launchers\_build\rpcl3_recordings\rpcs3_audio_2025-06-17_20-38-08 - Copy (2).wavC:\repos\RPCS3_Launchers\_build\rpcl3_recordings\rpcl3_playlist.m3u
[2025-06-18 09:58:14] [DEBUG] Save Playlist track: C:\repos\RPCS3_Launchers\_build\rpcl3_recordings\rpcs3_audio_2025-06-17_20-38-08 - Copy.wavC:\repos\RPCS3_Launchers\_build\rpcl3_recordings\rpcl3_playlist.m3u
[2025-06-18 09:58:14] [DEBUG] Save Playlist track: C:\repos\RPCS3_Launchers\_build\rpcl3_recordings\rpcs3_audio_2025-06-17_20-38-08.wavC:\repos\RPCS3_Launchers\_build\rpcl3_recordings\rpcl3_playlist.m3u
[2025-06-18 16:19:45] [DEBUG] Load playlist: 1 written to: C:\repos\RPCS3_Launchers\_build\rpcl3_music_player.ini
[2025-06-18 16:19:45] [DEBUG] Load playlist: Asc written to: C:\repos\RPCS3_Launchers\_build\rpcl3_music_player.ini
[2025-06-18 16:21:30] [DEBUG] Load playlist: 1 written to: C:\repos\RPCS3_Launchers\_build\rpcl3_music_player.ini
[2025-06-18 16:21:30] [DEBUG] Load playlist: Asc written to: C:\repos\RPCS3_Launchers\_build\rpcl3_music_player.ini
[2025-06-18 16:22:19] [DEBUG] Load playlist: 1 written to: C:\repos\RPCS3_Launchers\_build\rpcl3_music_player.ini
[2025-06-18 16:22:19] [DEBUG] Load playlist: Asc written to: C:\repos\RPCS3_Launchers\_build\rpcl3_music_player.ini
[2025-06-18 16:23:01] [DEBUG] Load playlist: 1 written to: C:\repos\RPCS3_Launchers\_build\rpcl3_music_player.ini
[2025-06-18 16:23:01] [DEBUG] Load playlist: Asc written to: C:\repos\RPCS3_Launchers\_build\rpcl3_music_player.ini
[2025-06-18 16:23:35] [DEBUG] Load playlist: 1 written to: C:\repos\RPCS3_Launchers\_build\rpcl3_music_player.ini
[2025-06-18 16:23:35] [DEBUG] Load playlist: Asc written to: C:\repos\RPCS3_Launchers\_build\rpcl3_music_player.ini
[2025-06-18 16:23:54] [DEBUG] Load playlist: 1 written to: C:\repos\RPCS3_Launchers\_build\rpcl3_music_player.ini
[2025-06-18 16:23:54] [DEBUG] Load playlist: Asc written to: C:\repos\RPCS3_Launchers\_build\rpcl3_music_player.ini
[2025-06-18 16:24:40] [DEBUG] Load playlist: 1 written to: C:\repos\RPCS3_Launchers\_build\rpcl3_music_player.ini
[2025-06-18 16:24:40] [DEBUG] Load playlist: Asc written to: C:\repos\RPCS3_Launchers\_build\rpcl3_music_player.ini
[2025-06-18 16:24:48] [DEBUG] Opened C:\repos\RPCS3_Launchers\_build\rpcl3_music_player.log in Notepad.
[2025-06-18 16:29:46] [DEBUG] Load playlist: 1 written to: C:\repos\RPCS3_Launchers\_build\rpcl3_music_player.ini
[2025-06-18 16:29:46] [DEBUG] Load playlist: Asc written to: C:\repos\RPCS3_Launchers\_build\rpcl3_music_player.ini
[2025-06-18 17:42:23] [DEBUG] Load playlist: 1 written to: C:\repos\RPCS3_Launchers\_build\rpcl3_music_player.ini
[2025-06-18 17:42:23] [DEBUG] Load playlist: Asc written to: C:\repos\RPCS3_Launchers\_build\rpcl3_music_player.ini
