[2025-06-20 19:20:52] [DEBUG] Command to run:

[2025-06-20 19:20:52] [DEBUG] Attempting to save priority: 
[2025-06-20 19:20:52] [INFO] TrayTip shown: Priority set to 
[2025-06-20 19:20:52] [DEBUG] Command to run:

[2025-06-20 19:20:52] [DEBUG] Monitor Count: 2

Monitor 1:
Left: 0
Top: 0
Right: 1920
Bottom: 1080
Width: 1920
Height: 1080
[2025-06-20 19:20:52] [INFO] RPCS3 Launcher started (elevated)
[2025-06-20 19:20:52] [INFO] OS: 10.0.26100, Arch: 64-bit
[2025-06-20 19:20:52] [INFO] Set default priority to Normal in C:\repos\RPCS3_Launchers\_build\rpcl3.ini
[2025-06-20 19:20:53] [DEBUG] Updated VariableText2 with: 
[2025-06-20 19:20:53] [DEBUG] Updated VariableText3 with: Ridge Racer 7
[2025-06-20 19:20:55] [DEBUG] CPU: 0% | Free RAM: 47038.4 MB / 65403.7 MB
[2025-06-20 19:20:55] [DEBUG] CPU: 9% | Free RAM: 47063.5 MB / 65403.7 MB
[2025-06-20 19:20:55] [DEBUG] Writing Timestamp 2025-06-20 19:20:55 to C:\repos\RPCS3_Launchers\_build\rpcl3.ini
[2025-06-20 19:20:57] [DEBUG] CPU: 7% | Free RAM: 47034.8 MB / 65403.7 MB
[2025-06-20 19:20:58] [DEBUG] CPU: 3% | Free RAM: 47037.5 MB / 65403.7 MB
[2025-06-20 19:20:59] [INFO] Exiting AHK using the Exit button.
[2025-06-20 19:20:59] [DEBUG] Attempting to save priority: Normal
[2025-06-20 19:20:59] [INFO] TrayTip shown: Priority set to Normal
[2025-06-20 19:27:52] [DEBUG] Command to run:

[2025-06-20 19:27:52] [DEBUG] Attempting to save priority: 
[2025-06-20 19:27:52] [INFO] TrayTip shown: Priority set to 
[2025-06-20 19:27:52] [DEBUG] Command to run:

[2025-06-20 19:27:52] [DEBUG] Monitor Count: 2

Monitor 1:
Left: 0
Top: 0
Right: 1920
Bottom: 1080
Width: 1920
Height: 1080
[2025-06-20 19:27:52] [INFO] RPCS3 Launcher started (elevated)
[2025-06-20 19:27:52] [INFO] OS: 10.0.26100, Arch: 64-bit
[2025-06-20 19:27:52] [INFO] Set default priority to Normal in C:\repos\RPCS3_Launchers\_build\rpcl3.ini
[2025-06-20 19:27:52] [DEBUG] Updated VariableText2 with: 
[2025-06-20 19:27:52] [DEBUG] Updated VariableText3 with: Ridge Racer 7
[2025-06-20 19:27:55] [DEBUG] CPU: 7% | Free RAM: 46780.2 MB / 65403.7 MB
[2025-06-20 19:27:55] [DEBUG] CPU: 3% | Free RAM: 46786.4 MB / 65403.7 MB
[2025-06-20 19:27:55] [DEBUG] Writing Timestamp 2025-06-20 19:27:55 to C:\repos\RPCS3_Launchers\_build\rpcl3.ini
[2025-06-20 19:27:56] [DEBUG] CPU: 0% | Free RAM: 46780.2 MB / 65403.7 MB
[2025-06-20 19:27:57] [DEBUG] CPU: 0% | Free RAM: 46784.4 MB / 65403.7 MB
[2025-06-20 19:27:59] [DEBUG] CPU: 3% | Free RAM: 46781.3 MB / 65403.7 MB
[2025-06-20 19:27:59] [DEBUG] CPU: 2% | Free RAM: 46784.6 MB / 65403.7 MB
[2025-06-20 19:28:01] [DEBUG] CPU: 0% | Free RAM: 46780.1 MB / 65403.7 MB
[2025-06-20 19:28:03] [DEBUG] CPU: 3% | Free RAM: 46777.1 MB / 65403.7 MB
[2025-06-20 19:28:03] [DEBUG] CPU: 4% | Free RAM: 46784.1 MB / 65403.7 MB
[2025-06-20 19:28:04] [DEBUG] CPU: % | Free RAM: 46778.4 MB / 65403.7 MB
[2025-06-20 19:28:06] [DEBUG] CPU: 4% | Free RAM: 46797.6 MB / 65403.7 MB
[2025-06-20 19:28:06] [DEBUG] CPU: 2% | Free RAM: 46779.9 MB / 65403.7 MB
[2025-06-20 19:28:07] [DEBUG] CPU: 5% | Free RAM: 46828.8 MB / 65403.7 MB
[2025-06-20 19:28:09] [DEBUG] CPU: 3% | Free RAM: 46825.4 MB / 65403.7 MB
[2025-06-20 19:28:09] [DEBUG] CPU: 13% | Free RAM: 46829.0 MB / 65403.7 MB
[2025-06-20 19:28:10] [DEBUG] CPU: 8% | Free RAM: 46826.8 MB / 65403.7 MB
[2025-06-20 19:28:13] [DEBUG] CPU: 10% | Free RAM: 46826.0 MB / 65403.7 MB
[2025-06-20 19:28:13] [DEBUG] CPU: 5% | Free RAM: 46825.4 MB / 65403.7 MB
[2025-06-20 19:28:14] [DEBUG] CPU: 5% | Free RAM: 46828.4 MB / 65403.7 MB
[2025-06-20 19:28:16] [DEBUG] CPU: 3% | Free RAM: 46806.0 MB / 65403.7 MB
[2025-06-20 19:28:16] [DEBUG] CPU: 1% | Free RAM: 46803.0 MB / 65403.7 MB
[2025-06-20 19:28:17] [DEBUG] CPU: 3% | Free RAM: 46805.3 MB / 65403.7 MB
[2025-06-20 19:28:19] [DEBUG] CPU: 2% | Free RAM: 46793.4 MB / 65403.7 MB
[2025-06-20 19:28:19] [DEBUG] CPU: 3% | Free RAM: 46789.8 MB / 65403.7 MB
[2025-06-20 19:28:20] [DEBUG] CPU: 0% | Free RAM: 46789.7 MB / 65403.7 MB
[2025-06-20 19:28:23] [DEBUG] CPU: 4% | Free RAM: 46794.4 MB / 65403.7 MB
[2025-06-20 19:28:23] [DEBUG] CPU: 2% | Free RAM: 46792.9 MB / 65403.7 MB
[2025-06-20 19:28:24] [DEBUG] CPU: 9% | Free RAM: 46784.9 MB / 65403.7 MB
[2025-06-20 19:28:26] [DEBUG] CPU: 2% | Free RAM: 46792.7 MB / 65403.7 MB
[2025-06-20 19:28:26] [DEBUG] CPU: 6% | Free RAM: 46799.7 MB / 65403.7 MB
[2025-06-20 19:28:27] [DEBUG] CPU: 2% | Free RAM: 46796.8 MB / 65403.7 MB
[2025-06-20 19:28:29] [DEBUG] CPU: 3% | Free RAM: 46801.5 MB / 65403.7 MB
[2025-06-20 19:28:29] [DEBUG] CPU: 1% | Free RAM: 46798.7 MB / 65403.7 MB
[2025-06-20 19:28:30] [DEBUG] CPU: 0% | Free RAM: 46803.1 MB / 65403.7 MB
[2025-06-20 19:28:32] [DEBUG] CPU: 4% | Free RAM: 46804.9 MB / 65403.7 MB
[2025-06-20 19:28:32] [DEBUG] CPU: 0% | Free RAM: 46801.2 MB / 65403.7 MB
[2025-06-20 19:28:34] [DEBUG] CPU: 3% | Free RAM: 46807.0 MB / 65403.7 MB
[2025-06-20 19:28:36] [DEBUG] CPU: 0% | Free RAM: 46821.6 MB / 65403.7 MB
[2025-06-20 19:28:36] [DEBUG] CPU: 1% | Free RAM: 46808.7 MB / 65403.7 MB
[2025-06-20 19:28:37] [DEBUG] CPU: 1% | Free RAM: 46824.9 MB / 65403.7 MB
[2025-06-20 19:28:39] [DEBUG] CPU: 14% | Free RAM: 46802.3 MB / 65403.7 MB
[2025-06-20 19:28:39] [DEBUG] CPU: 2% | Free RAM: 46823.1 MB / 65403.7 MB
[2025-06-20 19:28:40] [DEBUG] CPU: 6% | Free RAM: 46804.8 MB / 65403.7 MB
[2025-06-20 19:28:42] [DEBUG] CPU: 0% | Free RAM: 46823.5 MB / 65403.7 MB
[2025-06-20 19:28:42] [DEBUG] CPU: 2% | Free RAM: 46822.0 MB / 65403.7 MB
[2025-06-20 19:28:43] [DEBUG] CPU: 6% | Free RAM: 46821.3 MB / 65403.7 MB
[2025-06-20 19:28:46] [DEBUG] CPU: 4% | Free RAM: 46824.9 MB / 65403.7 MB
[2025-06-20 19:28:46] [DEBUG] CPU: 1% | Free RAM: 46824.2 MB / 65403.7 MB
[2025-06-20 19:28:47] [DEBUG] CPU: 1% | Free RAM: 46824.7 MB / 65403.7 MB
[2025-06-20 19:28:49] [DEBUG] CPU: 0% | Free RAM: 46825.1 MB / 65403.7 MB
[2025-06-20 19:28:49] [DEBUG] CPU: 1% | Free RAM: 46823.8 MB / 65403.7 MB
[2025-06-20 19:28:50] [DEBUG] CPU: 6% | Free RAM: 46824.6 MB / 65403.7 MB
[2025-06-20 19:28:52] [DEBUG] CPU: 6% | Free RAM: 46824.2 MB / 65403.7 MB
[2025-06-20 19:28:52] [DEBUG] CPU: 3% | Free RAM: 46824.6 MB / 65403.7 MB
[2025-06-20 19:28:53] [DEBUG] CPU: 20% | Free RAM: 46822.8 MB / 65403.7 MB
[2025-06-20 19:28:55] [DEBUG] CPU: 4% | Free RAM: 46821.4 MB / 65403.7 MB
[2025-06-20 19:28:55] [DEBUG] CPU: 0% | Free RAM: 46814.3 MB / 65403.7 MB
[2025-06-20 19:28:57] [DEBUG] CPU: 6% | Free RAM: 46820.8 MB / 65403.7 MB
[2025-06-20 19:28:59] [DEBUG] CPU: 0% | Free RAM: 46821.4 MB / 65403.7 MB
[2025-06-20 19:28:59] [DEBUG] CPU: 7% | Free RAM: 46821.6 MB / 65403.7 MB
[2025-06-20 19:29:00] [DEBUG] CPU: 3% | Free RAM: 46818.1 MB / 65403.7 MB
[2025-06-20 19:29:02] [DEBUG] CPU: 3% | Free RAM: 46823.0 MB / 65403.7 MB
[2025-06-20 19:29:02] [DEBUG] CPU: 2% | Free RAM: 46817.8 MB / 65403.7 MB
[2025-06-20 19:29:03] [DEBUG] CPU: 29% | Free RAM: 46820.2 MB / 65403.7 MB
[2025-06-20 19:29:05] [DEBUG] CPU: 2% | Free RAM: 46840.4 MB / 65403.7 MB
[2025-06-20 19:29:05] [DEBUG] CPU: 1% | Free RAM: 46844.7 MB / 65403.7 MB
[2025-06-20 19:29:06] [DEBUG] CPU: 3% | Free RAM: 46837.7 MB / 65403.7 MB
[2025-06-20 19:29:09] [DEBUG] CPU: 9% | Free RAM: 46827.4 MB / 65403.7 MB
[2025-06-20 19:29:09] [DEBUG] CPU: 3% | Free RAM: 46833.9 MB / 65403.7 MB
[2025-06-20 19:29:10] [DEBUG] CPU: 2% | Free RAM: 46815.4 MB / 65403.7 MB
[2025-06-20 19:29:12] [DEBUG] CPU: 3% | Free RAM: 46820.5 MB / 65403.7 MB
[2025-06-20 19:29:12] [DEBUG] CPU: 2% | Free RAM: 46820.2 MB / 65403.7 MB
[2025-06-20 19:29:13] [DEBUG] CPU: 1% | Free RAM: 46822.0 MB / 65403.7 MB
[2025-06-20 19:29:15] [DEBUG] CPU: 2% | Free RAM: 46823.0 MB / 65403.7 MB
[2025-06-20 19:29:15] [DEBUG] CPU: 4% | Free RAM: 46822.8 MB / 65403.7 MB
[2025-06-20 19:29:16] [DEBUG] CPU: 4% | Free RAM: 46820.9 MB / 65403.7 MB
[2025-06-20 19:29:18] [DEBUG] CPU: 0% | Free RAM: 46821.7 MB / 65403.7 MB
[2025-06-20 19:29:18] [DEBUG] CPU: 3% | Free RAM: 46820.7 MB / 65403.7 MB
[2025-06-20 19:29:20] [DEBUG] CPU: 3% | Free RAM: 46820.6 MB / 65403.7 MB
[2025-06-20 19:29:22] [DEBUG] CPU: 1% | Free RAM: 46820.9 MB / 65403.7 MB
[2025-06-20 19:29:22] [DEBUG] CPU: 1% | Free RAM: 46820.7 MB / 65403.7 MB
[2025-06-20 19:29:23] [DEBUG] CPU: 2% | Free RAM: 46821.5 MB / 65403.7 MB
[2025-06-20 19:29:25] [DEBUG] CPU: 4% | Free RAM: 46818.5 MB / 65403.7 MB
[2025-06-20 19:29:25] [DEBUG] CPU: 1% | Free RAM: 46781.2 MB / 65403.7 MB
[2025-06-20 19:29:26] [DEBUG] CPU: 0% | Free RAM: 46818.6 MB / 65403.7 MB
[2025-06-20 19:29:28] [DEBUG] CPU: 1% | Free RAM: 46820.7 MB / 65403.7 MB
[2025-06-20 19:29:28] [DEBUG] CPU: 0% | Free RAM: 46819.9 MB / 65403.7 MB
[2025-06-20 19:29:29] [DEBUG] CPU: 2% | Free RAM: 46821.3 MB / 65403.7 MB
[2025-06-20 19:29:32] [DEBUG] CPU: 2% | Free RAM: 46821.8 MB / 65403.7 MB
[2025-06-20 19:29:32] [DEBUG] CPU: 0% | Free RAM: 46821.4 MB / 65403.7 MB
[2025-06-20 19:29:33] [DEBUG] CPU: 5% | Free RAM: 46818.6 MB / 65403.7 MB
[2025-06-20 19:29:35] [DEBUG] CPU: 0% | Free RAM: 46821.2 MB / 65403.7 MB
[2025-06-20 19:29:35] [DEBUG] CPU: 5% | Free RAM: 46819.5 MB / 65403.7 MB
[2025-06-20 19:29:36] [DEBUG] CPU: 2% | Free RAM: 46819.2 MB / 65403.7 MB
[2025-06-20 19:29:38] [DEBUG] CPU: 6% | Free RAM: 46820.3 MB / 65403.7 MB
[2025-06-20 19:29:38] [DEBUG] CPU: 2% | Free RAM: 46820.8 MB / 65403.7 MB
[2025-06-20 19:29:39] [DEBUG] CPU: 9% | Free RAM: 46821.1 MB / 65403.7 MB
[2025-06-20 19:29:41] [DEBUG] CPU: 0% | Free RAM: 46814.9 MB / 65403.7 MB
[2025-06-20 19:29:41] [DEBUG] CPU: 7% | Free RAM: 46817.1 MB / 65403.7 MB
[2025-06-20 19:29:42] [DEBUG] CPU: 0% | Free RAM: 46817.1 MB / 65403.7 MB
[2025-06-20 19:29:45] [DEBUG] CPU: 4% | Free RAM: 46817.5 MB / 65403.7 MB
[2025-06-20 19:29:45] [DEBUG] CPU: 4% | Free RAM: 46817.4 MB / 65403.7 MB
[2025-06-20 19:29:46] [DEBUG] CPU: 2% | Free RAM: 46817.0 MB / 65403.7 MB
[2025-06-20 19:29:48] [DEBUG] CPU: 0% | Free RAM: 46816.2 MB / 65403.7 MB
[2025-06-20 19:29:48] [DEBUG] CPU: 0% | Free RAM: 46815.3 MB / 65403.7 MB
[2025-06-20 19:29:49] [DEBUG] CPU: 1% | Free RAM: 46817.1 MB / 65403.7 MB
[2025-06-20 19:29:51] [DEBUG] CPU: 1% | Free RAM: 46821.2 MB / 65403.7 MB
[2025-06-20 19:29:51] [DEBUG] CPU: 4% | Free RAM: 46818.4 MB / 65403.7 MB
[2025-06-20 19:29:52] [DEBUG] CPU: 4% | Free RAM: 46834.4 MB / 65403.7 MB
[2025-06-20 19:29:55] [DEBUG] CPU: 0% | Free RAM: 46819.4 MB / 65403.7 MB
[2025-06-20 19:29:55] [DEBUG] CPU: 8% | Free RAM: 46830.8 MB / 65403.7 MB
[2025-06-20 19:29:56] [DEBUG] CPU: 6% | Free RAM: 46816.3 MB / 65403.7 MB
[2025-06-20 19:29:58] [DEBUG] CPU: 2% | Free RAM: 46805.0 MB / 65403.7 MB
[2025-06-20 19:29:58] [DEBUG] CPU: 5% | Free RAM: 46802.5 MB / 65403.7 MB
[2025-06-20 19:29:59] [DEBUG] CPU: 1% | Free RAM: 46806.9 MB / 65403.7 MB
[2025-06-20 19:30:01] [DEBUG] CPU: 0% | Free RAM: 46798.2 MB / 65403.7 MB
[2025-06-20 19:30:01] [DEBUG] CPU: 4% | Free RAM: 46806.9 MB / 65403.7 MB
[2025-06-20 19:30:02] [DEBUG] CPU: 3% | Free RAM: 46803.2 MB / 65403.7 MB
[2025-06-20 19:30:04] [DEBUG] CPU: 3% | Free RAM: 46801.8 MB / 65403.7 MB
[2025-06-20 19:30:04] [DEBUG] CPU: 3% | Free RAM: 46804.0 MB / 65403.7 MB
[2025-06-20 19:30:05] [DEBUG] CPU: 3% | Free RAM: 46801.0 MB / 65403.7 MB
[2025-06-20 19:30:08] [DEBUG] CPU: 2% | Free RAM: 46800.9 MB / 65403.7 MB
[2025-06-20 19:30:08] [DEBUG] CPU: 2% | Free RAM: 46801.8 MB / 65403.7 MB
[2025-06-20 19:30:09] [DEBUG] CPU: 7% | Free RAM: 46779.4 MB / 65403.7 MB
[2025-06-20 19:30:11] [DEBUG] CPU: 2% | Free RAM: 46801.2 MB / 65403.7 MB
[2025-06-20 19:30:11] [DEBUG] CPU: 2% | Free RAM: 46797.1 MB / 65403.7 MB
[2025-06-20 19:30:12] [DEBUG] CPU: 2% | Free RAM: 46801.0 MB / 65403.7 MB
[2025-06-20 19:30:14] [DEBUG] CPU: 3% | Free RAM: 46802.0 MB / 65403.7 MB
[2025-06-20 19:30:14] [DEBUG] CPU: 4% | Free RAM: 46802.2 MB / 65403.7 MB
[2025-06-20 19:30:15] [DEBUG] CPU: 5% | Free RAM: 46801.3 MB / 65403.7 MB
[2025-06-20 19:30:18] [DEBUG] CPU: 4% | Free RAM: 46802.3 MB / 65403.7 MB
[2025-06-20 19:30:18] [DEBUG] CPU: 2% | Free RAM: 46801.8 MB / 65403.7 MB
[2025-06-20 19:30:19] [DEBUG] CPU: 4% | Free RAM: 46784.5 MB / 65403.7 MB
[2025-06-20 19:30:21] [DEBUG] CPU: 4% | Free RAM: 46802.3 MB / 65403.7 MB
[2025-06-20 19:30:21] [DEBUG] CPU: 3% | Free RAM: 46802.3 MB / 65403.7 MB
[2025-06-20 19:30:22] [DEBUG] CPU: 5% | Free RAM: 46800.3 MB / 65403.7 MB
[2025-06-20 19:30:24] [DEBUG] CPU: 5% | Free RAM: 46796.8 MB / 65403.7 MB
[2025-06-20 19:30:24] [DEBUG] CPU: 3% | Free RAM: 46800.8 MB / 65403.7 MB
[2025-06-20 19:30:25] [DEBUG] CPU: 4% | Free RAM: 46802.2 MB / 65403.7 MB
[2025-06-20 19:30:27] [DEBUG] CPU: 3% | Free RAM: 46800.2 MB / 65403.7 MB
[2025-06-20 19:30:27] [DEBUG] CPU: 4% | Free RAM: 46801.9 MB / 65403.7 MB
[2025-06-20 19:30:28] [DEBUG] CPU: 2% | Free RAM: 46808.2 MB / 65403.7 MB
[2025-06-20 19:30:31] [DEBUG] CPU: 7% | Free RAM: 46807.0 MB / 65403.7 MB
[2025-06-20 19:30:31] [DEBUG] CPU: 2% | Free RAM: 46806.6 MB / 65403.7 MB
[2025-06-20 19:30:32] [DEBUG] CPU: 1% | Free RAM: 46805.6 MB / 65403.7 MB
[2025-06-20 19:30:34] [DEBUG] CPU: 2% | Free RAM: 46804.2 MB / 65403.7 MB
[2025-06-20 19:30:34] [DEBUG] CPU: 0% | Free RAM: 46804.6 MB / 65403.7 MB
[2025-06-20 19:30:35] [DEBUG] CPU: 2% | Free RAM: 46805.2 MB / 65403.7 MB
[2025-06-20 19:30:37] [DEBUG] CPU: 2% | Free RAM: 46804.5 MB / 65403.7 MB
[2025-06-20 19:30:37] [DEBUG] CPU: 2% | Free RAM: 46804.0 MB / 65403.7 MB
[2025-06-20 19:30:38] [DEBUG] CPU: 9% | Free RAM: 46803.4 MB / 65403.7 MB
[2025-06-20 19:30:40] [DEBUG] CPU: 5% | Free RAM: 46782.0 MB / 65403.7 MB
[2025-06-20 19:30:40] [DEBUG] CPU: 6% | Free RAM: 46794.8 MB / 65403.7 MB
[2025-06-20 19:30:42] [DEBUG] CPU: 3% | Free RAM: 46797.0 MB / 65403.7 MB
[2025-06-20 19:30:44] [DEBUG] CPU: 3% | Free RAM: 46800.5 MB / 65403.7 MB
[2025-06-20 19:30:44] [DEBUG] CPU: 1% | Free RAM: 46799.2 MB / 65403.7 MB
[2025-06-20 19:30:45] [DEBUG] CPU: 1% | Free RAM: 46798.9 MB / 65403.7 MB
[2025-06-20 19:30:47] [DEBUG] CPU: 0% | Free RAM: 46800.4 MB / 65403.7 MB
[2025-06-20 19:30:47] [DEBUG] CPU: 1% | Free RAM: 46799.9 MB / 65403.7 MB
[2025-06-20 19:30:48] [DEBUG] CPU: 1% | Free RAM: 46797.8 MB / 65403.7 MB
[2025-06-20 19:30:50] [DEBUG] CPU: 1% | Free RAM: 46799.1 MB / 65403.7 MB
[2025-06-20 19:30:50] [DEBUG] CPU: 2% | Free RAM: 46798.9 MB / 65403.7 MB
[2025-06-20 19:30:51] [DEBUG] CPU: 3% | Free RAM: 46802.5 MB / 65403.7 MB
[2025-06-20 19:30:54] [DEBUG] CPU: 11% | Free RAM: 46802.4 MB / 65403.7 MB
[2025-06-20 19:30:54] [DEBUG] CPU: 3% | Free RAM: 46802.0 MB / 65403.7 MB
[2025-06-20 19:30:55] [DEBUG] CPU: 3% | Free RAM: 46807.1 MB / 65403.7 MB
[2025-06-20 19:30:57] [DEBUG] CPU: 2% | Free RAM: 46799.4 MB / 65403.7 MB
[2025-06-20 19:30:57] [DEBUG] CPU: 2% | Free RAM: 46800.5 MB / 65403.7 MB
[2025-06-20 19:30:58] [DEBUG] CPU: 3% | Free RAM: 46798.6 MB / 65403.7 MB
[2025-06-20 19:31:00] [DEBUG] CPU: 14% | Free RAM: 46801.4 MB / 65403.7 MB
[2025-06-20 19:31:00] [DEBUG] CPU: 5% | Free RAM: 46798.7 MB / 65403.7 MB
[2025-06-20 19:31:01] [DEBUG] CPU: 13% | Free RAM: 46789.0 MB / 65403.7 MB
[2025-06-20 19:31:03] [DEBUG] CPU: 1% | Free RAM: 46774.2 MB / 65403.7 MB
[2025-06-20 19:31:03] [DEBUG] CPU: 5% | Free RAM: 46792.2 MB / 65403.7 MB
[2025-06-20 19:31:05] [DEBUG] CPU: 2% | Free RAM: 46793.4 MB / 65403.7 MB
[2025-06-20 19:31:07] [DEBUG] CPU: 3% | Free RAM: 46793.3 MB / 65403.7 MB
[2025-06-20 19:31:07] [DEBUG] CPU: 8% | Free RAM: 46793.3 MB / 65403.7 MB
[2025-06-20 19:31:08] [DEBUG] CPU: 5% | Free RAM: 46791.2 MB / 65403.7 MB
[2025-06-20 19:31:10] [DEBUG] CPU: 5% | Free RAM: 46790.4 MB / 65403.7 MB
[2025-06-20 19:31:10] [DEBUG] CPU: 7% | Free RAM: 46736.0 MB / 65403.7 MB
[2025-06-20 19:31:11] [DEBUG] CPU: 3% | Free RAM: 46788.6 MB / 65403.7 MB
[2025-06-20 19:31:13] [DEBUG] CPU: 2% | Free RAM: 46790.6 MB / 65403.7 MB
[2025-06-20 19:31:13] [DEBUG] CPU: 1% | Free RAM: 46790.7 MB / 65403.7 MB
[2025-06-20 19:31:14] [DEBUG] CPU: 4% | Free RAM: 46792.7 MB / 65403.7 MB
[2025-06-20 19:31:17] [DEBUG] CPU: 3% | Free RAM: 46794.6 MB / 65403.7 MB
[2025-06-20 19:31:17] [DEBUG] CPU: 5% | Free RAM: 46793.0 MB / 65403.7 MB
[2025-06-20 19:31:18] [DEBUG] CPU: 0% | Free RAM: 46793.7 MB / 65403.7 MB
[2025-06-20 19:31:20] [DEBUG] CPU: 5% | Free RAM: 46793.7 MB / 65403.7 MB
[2025-06-20 19:31:20] [DEBUG] CPU: 2% | Free RAM: 46794.9 MB / 65403.7 MB
[2025-06-20 19:31:21] [DEBUG] CPU: 3% | Free RAM: 46797.3 MB / 65403.7 MB
[2025-06-20 19:31:23] [DEBUG] CPU: 8% | Free RAM: 46797.9 MB / 65403.7 MB
[2025-06-20 19:31:23] [DEBUG] CPU: 0% | Free RAM: 46796.8 MB / 65403.7 MB
[2025-06-20 19:31:24] [DEBUG] CPU: 2% | Free RAM: 46797.5 MB / 65403.7 MB
[2025-06-20 19:31:26] [DEBUG] CPU: 5% | Free RAM: 46795.2 MB / 65403.7 MB
[2025-06-20 19:31:26] [DEBUG] CPU: 1% | Free RAM: 46792.3 MB / 65403.7 MB
[2025-06-20 19:31:28] [DEBUG] CPU: 0% | Free RAM: 46794.2 MB / 65403.7 MB
[2025-06-20 19:31:30] [DEBUG] CPU: 0% | Free RAM: 46792.1 MB / 65403.7 MB
[2025-06-20 19:31:30] [DEBUG] CPU: 1% | Free RAM: 46794.2 MB / 65403.7 MB
[2025-06-20 19:31:31] [DEBUG] CPU: 4% | Free RAM: 46811.2 MB / 65403.7 MB
[2025-06-20 19:31:33] [DEBUG] CPU: 8% | Free RAM: 46812.7 MB / 65403.7 MB
[2025-06-20 19:31:33] [DEBUG] CPU: 4% | Free RAM: 46812.9 MB / 65403.7 MB
[2025-06-20 19:31:34] [DEBUG] CPU: % | Free RAM: 46813.2 MB / 65403.7 MB
[2025-06-20 19:31:36] [DEBUG] CPU: 0% | Free RAM: 46811.5 MB / 65403.7 MB
[2025-06-20 19:31:36] [DEBUG] CPU: 4% | Free RAM: 46811.5 MB / 65403.7 MB
[2025-06-20 19:31:37] [DEBUG] CPU: 9% | Free RAM: 46814.8 MB / 65403.7 MB
[2025-06-20 19:31:40] [DEBUG] CPU: 10% | Free RAM: 46818.3 MB / 65403.7 MB
[2025-06-20 19:31:40] [DEBUG] CPU: 7% | Free RAM: 46815.2 MB / 65403.7 MB
[2025-06-20 19:31:41] [DEBUG] CPU: 4% | Free RAM: 46812.3 MB / 65403.7 MB
[2025-06-20 19:31:43] [DEBUG] CPU: 0% | Free RAM: 46810.2 MB / 65403.7 MB
[2025-06-20 19:31:43] [DEBUG] CPU: 2% | Free RAM: 46810.1 MB / 65403.7 MB
[2025-06-20 19:31:44] [DEBUG] CPU: 3% | Free RAM: 46810.9 MB / 65403.7 MB
[2025-06-20 19:31:46] [DEBUG] CPU: 0% | Free RAM: 46809.5 MB / 65403.7 MB
[2025-06-20 19:31:46] [DEBUG] CPU: 2% | Free RAM: 46811.6 MB / 65403.7 MB
[2025-06-20 19:31:47] [DEBUG] CPU: 3% | Free RAM: 46792.6 MB / 65403.7 MB
[2025-06-20 19:31:49] [DEBUG] CPU: 4% | Free RAM: 46806.8 MB / 65403.7 MB
[2025-06-20 19:31:49] [DEBUG] CPU: 8% | Free RAM: 46807.8 MB / 65403.7 MB
[2025-06-20 19:31:51] [DEBUG] CPU: 2% | Free RAM: 46810.4 MB / 65403.7 MB
[2025-06-20 19:31:53] [DEBUG] CPU: 2% | Free RAM: 46808.2 MB / 65403.7 MB
[2025-06-20 19:31:53] [DEBUG] CPU: 1% | Free RAM: 46807.6 MB / 65403.7 MB
[2025-06-20 19:31:54] [DEBUG] CPU: 10% | Free RAM: 46800.4 MB / 65403.7 MB
[2025-06-20 19:31:56] [DEBUG] CPU: 1% | Free RAM: 46757.9 MB / 65403.7 MB
[2025-06-20 19:31:56] [DEBUG] CPU: 14% | Free RAM: 46802.7 MB / 65403.7 MB
[2025-06-20 19:31:57] [DEBUG] CPU: 2% | Free RAM: 46734.4 MB / 65403.7 MB
[2025-06-20 19:31:59] [DEBUG] CPU: 4% | Free RAM: 46778.9 MB / 65403.7 MB
[2025-06-20 19:31:59] [DEBUG] CPU: 6% | Free RAM: 46778.3 MB / 65403.7 MB
[2025-06-20 19:32:00] [DEBUG] CPU: 9% | Free RAM: 46778.6 MB / 65403.7 MB
[2025-06-20 19:32:03] [DEBUG] CPU: 1% | Free RAM: 46778.9 MB / 65403.7 MB
[2025-06-20 19:32:03] [DEBUG] CPU: 3% | Free RAM: 46772.3 MB / 65403.7 MB
[2025-06-20 19:32:04] [DEBUG] CPU: 5% | Free RAM: 46779.4 MB / 65403.7 MB
[2025-06-20 19:32:06] [DEBUG] CPU: 3% | Free RAM: 46778.2 MB / 65403.7 MB
[2025-06-20 19:32:06] [DEBUG] CPU: 6% | Free RAM: 46780.7 MB / 65403.7 MB
[2025-06-20 19:32:07] [DEBUG] CPU: 0% | Free RAM: 46779.1 MB / 65403.7 MB
[2025-06-20 19:32:09] [DEBUG] CPU: 3% | Free RAM: 46761.5 MB / 65403.7 MB
[2025-06-20 19:32:09] [DEBUG] CPU: 4% | Free RAM: 46780.9 MB / 65403.7 MB
[2025-06-20 19:32:10] [DEBUG] CPU: 1% | Free RAM: 46783.5 MB / 65403.7 MB
[2025-06-20 19:32:12] [DEBUG] CPU: 6% | Free RAM: 46787.5 MB / 65403.7 MB
[2025-06-20 19:32:13] [DEBUG] CPU: 4% | Free RAM: 46786.3 MB / 65403.7 MB
[2025-06-20 19:32:14] [DEBUG] CPU: 2% | Free RAM: 46783.5 MB / 65403.7 MB
[2025-06-20 19:32:16] [DEBUG] CPU: 0% | Free RAM: 46788.9 MB / 65403.7 MB
[2025-06-20 19:32:16] [DEBUG] CPU: 3% | Free RAM: 46785.0 MB / 65403.7 MB
[2025-06-20 19:32:17] [DEBUG] CPU: 3% | Free RAM: 46787.0 MB / 65403.7 MB
[2025-06-20 19:32:19] [DEBUG] CPU: 0% | Free RAM: 46787.6 MB / 65403.7 MB
[2025-06-20 19:32:19] [DEBUG] CPU: 2% | Free RAM: 46786.8 MB / 65403.7 MB
[2025-06-20 19:32:20] [DEBUG] CPU: 4% | Free RAM: 46787.8 MB / 65403.7 MB
[2025-06-20 19:32:22] [DEBUG] CPU: 3% | Free RAM: 46787.3 MB / 65403.7 MB
[2025-06-20 19:32:22] [DEBUG] CPU: 3% | Free RAM: 46787.2 MB / 65403.7 MB
[2025-06-20 19:32:23] [DEBUG] CPU: 2% | Free RAM: 46787.3 MB / 65403.7 MB
[2025-06-20 19:32:26] [DEBUG] CPU: 3% | Free RAM: 46785.5 MB / 65403.7 MB
[2025-06-20 19:32:26] [DEBUG] CPU: 2% | Free RAM: 46786.8 MB / 65403.7 MB
[2025-06-20 19:32:27] [DEBUG] CPU: 1% | Free RAM: 46786.3 MB / 65403.7 MB
[2025-06-20 19:32:29] [DEBUG] CPU: 0% | Free RAM: 46789.0 MB / 65403.7 MB
[2025-06-20 19:32:29] [DEBUG] CPU: 1% | Free RAM: 46786.1 MB / 65403.7 MB
[2025-06-20 19:32:30] [DEBUG] CPU: 0% | Free RAM: 46786.6 MB / 65403.7 MB
[2025-06-20 19:32:32] [DEBUG] CPU: 0% | Free RAM: 46771.3 MB / 65403.7 MB
[2025-06-20 19:32:32] [DEBUG] CPU: 4% | Free RAM: 46784.2 MB / 65403.7 MB
[2025-06-20 19:32:33] [DEBUG] CPU: 1% | Free RAM: 46786.9 MB / 65403.7 MB
[2025-06-20 19:32:35] [DEBUG] CPU: 6% | Free RAM: 46785.7 MB / 65403.7 MB
[2025-06-20 19:32:35] [DEBUG] CPU: 3% | Free RAM: 46786.7 MB / 65403.7 MB
[2025-06-20 19:32:37] [DEBUG] CPU: % | Free RAM: 46786.7 MB / 65403.7 MB
[2025-06-20 19:32:39] [DEBUG] CPU: 17% | Free RAM: 46750.0 MB / 65403.7 MB
[2025-06-20 19:32:39] [DEBUG] CPU: 2% | Free RAM: 46785.5 MB / 65403.7 MB
[2025-06-20 19:32:40] [DEBUG] CPU: 4% | Free RAM: 46757.7 MB / 65403.7 MB
[2025-06-20 19:32:42] [DEBUG] CPU: 7% | Free RAM: 46770.5 MB / 65403.7 MB
[2025-06-20 19:32:42] [DEBUG] CPU: 7% | Free RAM: 46775.2 MB / 65403.7 MB
[2025-06-20 19:32:43] [DEBUG] CPU: 6% | Free RAM: 46772.8 MB / 65403.7 MB
[2025-06-20 19:32:45] [DEBUG] CPU: 3% | Free RAM: 46769.8 MB / 65403.7 MB
[2025-06-20 19:32:45] [DEBUG] CPU: 3% | Free RAM: 46769.6 MB / 65403.7 MB
[2025-06-20 19:32:46] [DEBUG] CPU: 20% | Free RAM: 46768.9 MB / 65403.7 MB
[2025-06-20 19:32:49] [DEBUG] CPU: 2% | Free RAM: 46750.3 MB / 65403.7 MB
[2025-06-20 19:32:49] [DEBUG] CPU: 7% | Free RAM: 46752.6 MB / 65403.7 MB
[2025-06-20 19:32:50] [DEBUG] CPU: 5% | Free RAM: 46752.8 MB / 65403.7 MB
[2025-06-20 19:32:52] [DEBUG] CPU: 5% | Free RAM: 46753.5 MB / 65403.7 MB
[2025-06-20 19:32:52] [DEBUG] CPU: 9% | Free RAM: 46753.9 MB / 65403.7 MB
[2025-06-20 19:32:53] [DEBUG] CPU: 12% | Free RAM: 46734.7 MB / 65403.7 MB
[2025-06-20 19:32:55] [DEBUG] CPU: 14% | Free RAM: 46691.4 MB / 65403.7 MB
[2025-06-20 19:32:55] [DEBUG] CPU: 13% | Free RAM: 46696.2 MB / 65403.7 MB
[2025-06-20 19:32:56] [DEBUG] CPU: 5% | Free RAM: 46742.3 MB / 65403.7 MB
[2025-06-20 19:32:59] [DEBUG] CPU: 7% | Free RAM: 46750.7 MB / 65403.7 MB
[2025-06-20 19:32:59] [DEBUG] CPU: 7% | Free RAM: 46746.2 MB / 65403.7 MB
[2025-06-20 19:33:00] [DEBUG] CPU: 14% | Free RAM: 46748.3 MB / 65403.7 MB
[2025-06-20 19:33:02] [DEBUG] CPU: 0% | Free RAM: 46745.4 MB / 65403.7 MB
[2025-06-20 19:33:02] [DEBUG] CPU: 9% | Free RAM: 46743.3 MB / 65403.7 MB
[2025-06-20 19:33:03] [DEBUG] CPU: 5% | Free RAM: 46743.1 MB / 65403.7 MB
[2025-06-20 19:33:05] [DEBUG] CPU: 10% | Free RAM: 46743.3 MB / 65403.7 MB
[2025-06-20 19:33:05] [DEBUG] CPU: 6% | Free RAM: 46742.6 MB / 65403.7 MB
[2025-06-20 19:33:06] [DEBUG] CPU: 16% | Free RAM: 46741.3 MB / 65403.7 MB
[2025-06-20 19:33:08] [DEBUG] CPU: 5% | Free RAM: 46722.3 MB / 65403.7 MB
[2025-06-20 19:33:08] [DEBUG] CPU: 7% | Free RAM: 46732.2 MB / 65403.7 MB
[2025-06-20 19:33:10] [DEBUG] CPU: 13% | Free RAM: 46719.8 MB / 65403.7 MB
[2025-06-20 19:33:12] [DEBUG] CPU: 6% | Free RAM: 46718.1 MB / 65403.7 MB
[2025-06-20 19:33:12] [DEBUG] CPU: 9% | Free RAM: 46718.3 MB / 65403.7 MB
[2025-06-20 19:33:13] [DEBUG] CPU: 3% | Free RAM: 46716.7 MB / 65403.7 MB
[2025-06-20 19:33:15] [DEBUG] CPU: 2% | Free RAM: 46714.0 MB / 65403.7 MB
[2025-06-20 19:33:15] [DEBUG] CPU: 4% | Free RAM: 46712.4 MB / 65403.7 MB
[2025-06-20 19:33:16] [DEBUG] CPU: 26% | Free RAM: 46725.3 MB / 65403.7 MB
[2025-06-20 19:33:18] [DEBUG] CPU: 9% | Free RAM: 46719.0 MB / 65403.7 MB
[2025-06-20 19:33:18] [DEBUG] CPU: 3% | Free RAM: 46695.2 MB / 65403.7 MB
[2025-06-20 19:33:19] [DEBUG] CPU: 6% | Free RAM: 46698.0 MB / 65403.7 MB
[2025-06-20 19:33:22] [DEBUG] CPU: 18% | Free RAM: 46686.0 MB / 65403.7 MB
[2025-06-20 19:33:22] [DEBUG] CPU: 14% | Free RAM: 46687.8 MB / 65403.7 MB
[2025-06-20 19:33:23] [DEBUG] CPU: 20% | Free RAM: 46687.5 MB / 65403.7 MB
[2025-06-20 19:33:25] [DEBUG] CPU: 3% | Free RAM: 46599.6 MB / 65403.7 MB
[2025-06-20 19:33:25] [DEBUG] CPU: 2% | Free RAM: 46613.7 MB / 65403.7 MB
[2025-06-20 19:33:26] [DEBUG] CPU: 1% | Free RAM: 46633.6 MB / 65403.7 MB
[2025-06-20 19:33:28] [DEBUG] CPU: 12% | Free RAM: 46676.7 MB / 65403.7 MB
[2025-06-20 19:33:28] [DEBUG] CPU: 6% | Free RAM: 46636.7 MB / 65403.7 MB
[2025-06-20 19:33:29] [DEBUG] CPU: 9% | Free RAM: 46673.3 MB / 65403.7 MB
[2025-06-20 19:33:32] [DEBUG] CPU: 15% | Free RAM: 46660.1 MB / 65403.7 MB
[2025-06-20 19:33:32] [DEBUG] CPU: 16% | Free RAM: 46673.3 MB / 65403.7 MB
[2025-06-20 19:33:33] [DEBUG] CPU: 11% | Free RAM: 46657.2 MB / 65403.7 MB
[2025-06-20 19:33:35] [DEBUG] CPU: 6% | Free RAM: 46656.3 MB / 65403.7 MB
[2025-06-20 19:33:35] [DEBUG] CPU: 9% | Free RAM: 46654.4 MB / 65403.7 MB
[2025-06-20 19:33:36] [DEBUG] CPU: 26% | Free RAM: 46646.6 MB / 65403.7 MB
[2025-06-20 19:33:38] [DEBUG] CPU: 4% | Free RAM: 46649.9 MB / 65403.7 MB
[2025-06-20 19:33:38] [DEBUG] CPU: 17% | Free RAM: 46651.6 MB / 65403.7 MB
[2025-06-20 19:33:39] [DEBUG] CPU: 4% | Free RAM: 46668.1 MB / 65403.7 MB
[2025-06-20 19:33:41] [DEBUG] CPU: 9% | Free RAM: 46682.9 MB / 65403.7 MB
[2025-06-20 19:33:41] [DEBUG] CPU: 1% | Free RAM: 46682.6 MB / 65403.7 MB
[2025-06-20 19:33:43] [DEBUG] CPU: 3% | Free RAM: 46679.4 MB / 65403.7 MB
[2025-06-20 19:33:45] [DEBUG] CPU: 9% | Free RAM: 46804.8 MB / 65403.7 MB
[2025-06-20 19:33:45] [DEBUG] CPU: 34% | Free RAM: 46682.0 MB / 65403.7 MB
[2025-06-20 19:33:46] [DEBUG] CPU: 9% | Free RAM: 46802.6 MB / 65403.7 MB
[2025-06-20 19:33:48] [DEBUG] CPU: 33% | Free RAM: 46813.0 MB / 65403.7 MB
[2025-06-20 19:33:48] [DEBUG] CPU: 13% | Free RAM: 46805.0 MB / 65403.7 MB
[2025-06-20 19:33:49] [DEBUG] CPU: 1% | Free RAM: 46828.8 MB / 65403.7 MB
[2025-06-20 19:33:51] [DEBUG] CPU: 18% | Free RAM: 46823.4 MB / 65403.7 MB
[2025-06-20 19:33:51] [DEBUG] CPU: 4% | Free RAM: 46820.8 MB / 65403.7 MB
[2025-06-20 19:33:53] [DEBUG] CPU: 23% | Free RAM: 46823.2 MB / 65403.7 MB
[2025-06-20 19:33:55] [DEBUG] CPU: 4% | Free RAM: 46819.1 MB / 65403.7 MB
[2025-06-20 19:33:55] [DEBUG] CPU: 6% | Free RAM: 46819.4 MB / 65403.7 MB
[2025-06-20 19:33:56] [DEBUG] CPU: 4% | Free RAM: 46816.3 MB / 65403.7 MB
[2025-06-20 19:33:58] [DEBUG] CPU: 15% | Free RAM: 46805.3 MB / 65403.7 MB
[2025-06-20 19:33:58] [DEBUG] CPU: 10% | Free RAM: 46815.0 MB / 65403.7 MB
[2025-06-20 19:33:59] [DEBUG] CPU: 10% | Free RAM: 46810.6 MB / 65403.7 MB
[2025-06-20 19:34:01] [DEBUG] CPU: 4% | Free RAM: 46805.1 MB / 65403.7 MB
[2025-06-20 19:34:01] [DEBUG] CPU: 9% | Free RAM: 46798.5 MB / 65403.7 MB
[2025-06-20 19:34:02] [DEBUG] CPU: 2% | Free RAM: 46809.1 MB / 65403.7 MB
[2025-06-20 19:34:05] [DEBUG] CPU: 2% | Free RAM: 46809.7 MB / 65403.7 MB
[2025-06-20 19:34:05] [DEBUG] CPU: 3% | Free RAM: 46811.2 MB / 65403.7 MB
[2025-06-20 19:34:06] [DEBUG] CPU: 5% | Free RAM: 46810.7 MB / 65403.7 MB
[2025-06-20 19:34:08] [DEBUG] CPU: 3% | Free RAM: 46826.9 MB / 65403.7 MB
[2025-06-20 19:34:08] [DEBUG] CPU: 2% | Free RAM: 46811.5 MB / 65403.7 MB
[2025-06-20 19:34:09] [DEBUG] CPU: 7% | Free RAM: 46825.3 MB / 65403.7 MB
[2025-06-20 19:34:11] [DEBUG] CPU: 2% | Free RAM: 46827.5 MB / 65403.7 MB
[2025-06-20 19:34:11] [DEBUG] CPU: 3% | Free RAM: 46825.0 MB / 65403.7 MB
[2025-06-20 19:34:12] [DEBUG] CPU: 10% | Free RAM: 46827.5 MB / 65403.7 MB
[2025-06-20 19:34:15] [DEBUG] CPU: 4% | Free RAM: 46829.9 MB / 65403.7 MB
[2025-06-20 19:34:15] [DEBUG] CPU: 3% | Free RAM: 46828.0 MB / 65403.7 MB
[2025-06-20 19:34:16] [DEBUG] CPU: 3% | Free RAM: 46830.7 MB / 65403.7 MB
[2025-06-20 19:34:18] [DEBUG] CPU: 7% | Free RAM: 46835.9 MB / 65403.7 MB
[2025-06-20 19:34:18] [DEBUG] CPU: 2% | Free RAM: 46833.9 MB / 65403.7 MB
[2025-06-20 19:34:19] [DEBUG] CPU: 10% | Free RAM: 46828.0 MB / 65403.7 MB
[2025-06-20 19:34:21] [DEBUG] CPU: 5% | Free RAM: 46839.1 MB / 65403.7 MB
[2025-06-20 19:34:21] [DEBUG] CPU: 11% | Free RAM: 46828.8 MB / 65403.7 MB
[2025-06-20 19:34:22] [DEBUG] CPU: 11% | Free RAM: 46838.3 MB / 65403.7 MB
[2025-06-20 19:34:24] [DEBUG] CPU: 12% | Free RAM: 46823.9 MB / 65403.7 MB
[2025-06-20 19:34:24] [DEBUG] CPU: 9% | Free RAM: 46838.8 MB / 65403.7 MB
[2025-06-20 19:34:25] [DEBUG] CPU: 10% | Free RAM: 46839.3 MB / 65403.7 MB
[2025-06-20 19:34:28] [DEBUG] CPU: 7% | Free RAM: 46862.5 MB / 65403.7 MB
[2025-06-20 19:34:28] [DEBUG] CPU: 16% | Free RAM: 46869.0 MB / 65403.7 MB
[2025-06-20 19:34:29] [DEBUG] CPU: 11% | Free RAM: 46857.8 MB / 65403.7 MB
[2025-06-20 19:34:31] [DEBUG] CPU: 4% | Free RAM: 46860.8 MB / 65403.7 MB
[2025-06-20 19:34:31] [DEBUG] CPU: 9% | Free RAM: 46861.5 MB / 65403.7 MB
[2025-06-20 19:34:32] [DEBUG] CPU: 2% | Free RAM: 46858.2 MB / 65403.7 MB
[2025-06-20 19:34:34] [DEBUG] CPU: 5% | Free RAM: 46858.0 MB / 65403.7 MB
[2025-06-20 19:34:34] [DEBUG] CPU: 2% | Free RAM: 46858.8 MB / 65403.7 MB
[2025-06-20 19:34:35] [DEBUG] CPU: 3% | Free RAM: 46858.1 MB / 65403.7 MB
[2025-06-20 19:34:37] [DEBUG] CPU: 1% | Free RAM: 46858.7 MB / 65403.7 MB
[2025-06-20 19:34:37] [DEBUG] CPU: 18% | Free RAM: 46858.1 MB / 65403.7 MB
[2025-06-20 19:34:39] [DEBUG] CPU: 3% | Free RAM: 46858.4 MB / 65403.7 MB
[2025-06-20 19:34:41] [DEBUG] CPU: 1% | Free RAM: 46863.8 MB / 65403.7 MB
[2025-06-20 19:34:41] [DEBUG] CPU: 6% | Free RAM: 46863.5 MB / 65403.7 MB
[2025-06-20 19:34:42] [DEBUG] CPU: 2% | Free RAM: 46862.5 MB / 65403.7 MB
[2025-06-20 19:34:44] [DEBUG] CPU: 2% | Free RAM: 46854.2 MB / 65403.7 MB
[2025-06-20 19:34:44] [DEBUG] CPU: 3% | Free RAM: 46862.9 MB / 65403.7 MB
[2025-06-20 19:34:45] [DEBUG] CPU: 9% | Free RAM: 46853.8 MB / 65403.7 MB
[2025-06-20 19:34:47] [DEBUG] CPU: 5% | Free RAM: 46837.9 MB / 65403.7 MB
[2025-06-20 19:34:47] [DEBUG] CPU: 5% | Free RAM: 46852.6 MB / 65403.7 MB
[2025-06-20 19:34:48] [DEBUG] CPU: 7% | Free RAM: 46851.4 MB / 65403.7 MB
[2025-06-20 19:34:51] [DEBUG] CPU: 10% | Free RAM: 46852.1 MB / 65403.7 MB
[2025-06-20 19:34:51] [DEBUG] CPU: 11% | Free RAM: 46845.9 MB / 65403.7 MB
[2025-06-20 19:34:52] [DEBUG] CPU: 13% | Free RAM: 46845.1 MB / 65403.7 MB
[2025-06-20 19:34:54] [DEBUG] CPU: 1% | Free RAM: 46846.6 MB / 65403.7 MB
[2025-06-20 19:34:54] [DEBUG] CPU: 2% | Free RAM: 46845.2 MB / 65403.7 MB
[2025-06-20 19:34:55] [DEBUG] CPU: 1% | Free RAM: 46845.3 MB / 65403.7 MB
[2025-06-20 19:34:57] [DEBUG] CPU: 0% | Free RAM: 46847.2 MB / 65403.7 MB
[2025-06-20 19:34:57] [DEBUG] CPU: 6% | Free RAM: 46846.5 MB / 65403.7 MB
[2025-06-20 19:34:58] [DEBUG] CPU: 3% | Free RAM: 46846.1 MB / 65403.7 MB
[2025-06-20 19:35:00] [DEBUG] CPU: 7% | Free RAM: 46845.1 MB / 65403.7 MB
[2025-06-20 19:35:00] [DEBUG] CPU: 3% | Free RAM: 46846.4 MB / 65403.7 MB
[2025-06-20 19:35:02] [DEBUG] CPU: 5% | Free RAM: 46836.4 MB / 65403.7 MB
[2025-06-20 19:35:04] [DEBUG] CPU: 6% | Free RAM: 46846.1 MB / 65403.7 MB
[2025-06-20 19:35:04] [DEBUG] CPU: 5% | Free RAM: 46841.4 MB / 65403.7 MB
[2025-06-20 19:35:05] [DEBUG] CPU: 0% | Free RAM: 46847.0 MB / 65403.7 MB
[2025-06-20 19:35:07] [DEBUG] CPU: 4% | Free RAM: 46839.9 MB / 65403.7 MB
[2025-06-20 19:35:07] [DEBUG] CPU: 5% | Free RAM: 46840.0 MB / 65403.7 MB
[2025-06-20 19:35:08] [DEBUG] CPU: 3% | Free RAM: 46844.7 MB / 65403.7 MB
[2025-06-20 19:35:10] [DEBUG] CPU: 2% | Free RAM: 46848.3 MB / 65403.7 MB
[2025-06-20 19:35:10] [DEBUG] CPU: 2% | Free RAM: 46831.4 MB / 65403.7 MB
[2025-06-20 19:35:11] [DEBUG] CPU: 4% | Free RAM: 46850.2 MB / 65403.7 MB
[2025-06-20 19:35:14] [DEBUG] CPU: 9% | Free RAM: 46847.9 MB / 65403.7 MB
[2025-06-20 19:35:14] [DEBUG] CPU: 4% | Free RAM: 46851.0 MB / 65403.7 MB
[2025-06-20 19:35:15] [DEBUG] CPU: 28% | Free RAM: 46830.9 MB / 65403.7 MB
[2025-06-20 19:35:17] [DEBUG] CPU: 2% | Free RAM: 46866.2 MB / 65403.7 MB
[2025-06-20 19:35:17] [DEBUG] CPU: 1% | Free RAM: 46868.6 MB / 65403.7 MB
[2025-06-20 19:35:18] [DEBUG] CPU: 0% | Free RAM: 46863.8 MB / 65403.7 MB
[2025-06-20 19:35:20] [DEBUG] CPU: 4% | Free RAM: 47378.5 MB / 65403.7 MB
[2025-06-20 19:35:20] [DEBUG] CPU: 7% | Free RAM: 46871.4 MB / 65403.7 MB
[2025-06-20 19:35:21] [DEBUG] CPU: 8% | Free RAM: 47350.3 MB / 65403.7 MB
[2025-06-20 19:35:23] [DEBUG] CPU: 2% | Free RAM: 47349.6 MB / 65403.7 MB
[2025-06-20 19:35:23] [DEBUG] CPU: 5% | Free RAM: 47351.6 MB / 65403.7 MB
[2025-06-20 19:35:25] [DEBUG] CPU: 3% | Free RAM: 47347.7 MB / 65403.7 MB
[2025-06-20 19:35:27] [DEBUG] CPU: 3% | Free RAM: 47344.0 MB / 65403.7 MB
[2025-06-20 19:35:27] [DEBUG] CPU: 7% | Free RAM: 47345.8 MB / 65403.7 MB
[2025-06-20 19:35:28] [DEBUG] CPU: 3% | Free RAM: 47329.1 MB / 65403.7 MB
[2025-06-20 19:35:30] [DEBUG] CPU: 9% | Free RAM: 47332.1 MB / 65403.7 MB
[2025-06-20 19:35:30] [DEBUG] CPU: 6% | Free RAM: 47330.6 MB / 65403.7 MB
[2025-06-20 19:35:31] [DEBUG] CPU: 4% | Free RAM: 47321.5 MB / 65403.7 MB
[2025-06-20 19:35:33] [DEBUG] Attempting to save priority: Normal
[2025-06-20 19:35:33] [INFO] TrayTip shown: Priority set to Normal
[2025-06-20 19:35:35] [DEBUG] Command to run:

[2025-06-20 19:35:35] [DEBUG] Attempting to save priority: 
[2025-06-20 19:35:35] [INFO] TrayTip shown: Priority set to 
[2025-06-20 19:35:35] [DEBUG] Command to run:

[2025-06-20 19:35:35] [DEBUG] Monitor Count: 2

Monitor 1:
Left: 0
Top: 0
Right: 1920
Bottom: 1080
Width: 1920
Height: 1080
[2025-06-20 19:35:35] [INFO] RPCS3 Launcher started (elevated)
[2025-06-20 19:35:35] [INFO] OS: 10.0.26100, Arch: 64-bit
[2025-06-20 19:35:35] [INFO] Set default priority to Normal in C:\repos\RPCS3_Launchers\_build\rpcl3.ini
[2025-06-20 19:35:35] [DEBUG] Updated VariableText2 with: 
[2025-06-20 19:35:35] [DEBUG] Updated VariableText3 with: Ridge Racer 7
[2025-06-20 19:35:37] [DEBUG] CPU: 11% | Free RAM: 47280.1 MB / 65403.7 MB
[2025-06-20 19:35:37] [DEBUG] CPU: 12% | Free RAM: 47286.3 MB / 65403.7 MB
[2025-06-20 19:35:37] [DEBUG] Writing Timestamp 2025-06-20 19:35:37 to C:\repos\RPCS3_Launchers\_build\rpcl3.ini
[2025-06-20 19:35:38] [DEBUG] CPU: 1% | Free RAM: 47312.7 MB / 65403.7 MB
[2025-06-20 19:35:39] [DEBUG] CPU: 1% | Free RAM: 47315.8 MB / 65403.7 MB
[2025-06-20 19:35:42] [DEBUG] CPU: 2% | Free RAM: 47319.4 MB / 65403.7 MB
[2025-06-20 19:35:42] [DEBUG] CPU: 4% | Free RAM: 47319.6 MB / 65403.7 MB
[2025-06-20 19:35:43] [DEBUG] CPU: 0% | Free RAM: 47323.0 MB / 65403.7 MB
[2025-06-20 19:35:45] [DEBUG] CPU: 1% | Free RAM: 47329.4 MB / 65403.7 MB
[2025-06-20 19:35:45] [DEBUG] CPU: 0% | Free RAM: 47324.0 MB / 65403.7 MB
[2025-06-20 19:35:46] [DEBUG] CPU: 2% | Free RAM: 47322.1 MB / 65403.7 MB
[2025-06-20 19:35:48] [DEBUG] CPU: 0% | Free RAM: 47323.8 MB / 65403.7 MB
[2025-06-20 19:35:48] [DEBUG] CPU: % | Free RAM: 47324.4 MB / 65403.7 MB
[2025-06-20 19:35:49] [DEBUG] CPU: 3% | Free RAM: 47324.5 MB / 65403.7 MB
[2025-06-20 19:35:52] [DEBUG] CPU: 9% | Free RAM: 47271.4 MB / 65403.7 MB
[2025-06-20 19:35:52] [DEBUG] CPU: 5% | Free RAM: 47324.9 MB / 65403.7 MB
[2025-06-20 19:35:53] [DEBUG] CPU: 2% | Free RAM: 47291.5 MB / 65403.7 MB
[2025-06-20 19:35:55] [DEBUG] CPU: 5% | Free RAM: 47304.0 MB / 65403.7 MB
[2025-06-20 19:35:55] [DEBUG] CPU: 5% | Free RAM: 47301.3 MB / 65403.7 MB
[2025-06-20 19:35:56] [DEBUG] CPU: 0% | Free RAM: 47305.8 MB / 65403.7 MB
[2025-06-20 19:36:00] [DEBUG] CPU: 9% | Free RAM: 47308.2 MB / 65403.7 MB
[2025-06-20 19:36:00] [DEBUG] CPU: 1% | Free RAM: 47304.2 MB / 65403.7 MB
[2025-06-20 19:36:01] [DEBUG] CPU: 7% | Free RAM: 47347.0 MB / 65403.7 MB
[2025-06-20 19:36:03] [DEBUG] CPU: 9% | Free RAM: 47354.9 MB / 65403.7 MB
[2025-06-20 19:36:03] [DEBUG] CPU: 9% | Free RAM: 47346.4 MB / 65403.7 MB
[2025-06-20 19:36:05] [DEBUG] CPU: 5% | Free RAM: 47357.1 MB / 65403.7 MB
[2025-06-20 19:36:06] [DEBUG] CPU: 3% | Free RAM: 47356.0 MB / 65403.7 MB
[2025-06-20 19:36:08] [DEBUG] CPU: 1% | Free RAM: 47358.9 MB / 65403.7 MB
[2025-06-20 19:36:08] [DEBUG] CPU: 2% | Free RAM: 47356.3 MB / 65403.7 MB
[2025-06-20 19:36:09] [DEBUG] CPU: 3% | Free RAM: 47377.6 MB / 65403.7 MB
[2025-06-20 19:36:11] [DEBUG] CPU: 1% | Free RAM: 47375.2 MB / 65403.7 MB
[2025-06-20 19:36:11] [DEBUG] CPU: 3% | Free RAM: 47370.5 MB / 65403.7 MB
[2025-06-20 19:36:12] [DEBUG] CPU: 3% | Free RAM: 47375.1 MB / 65403.7 MB
[2025-06-20 19:36:14] [DEBUG] CPU: 3% | Free RAM: 47375.3 MB / 65403.7 MB
[2025-06-20 19:36:14] [DEBUG] CPU: 3% | Free RAM: 47374.8 MB / 65403.7 MB
[2025-06-20 19:36:15] [DEBUG] CPU: 3% | Free RAM: 47376.3 MB / 65403.7 MB
[2025-06-20 19:36:18] [DEBUG] CPU: 10% | Free RAM: 47112.3 MB / 65403.7 MB
[2025-06-20 19:36:18] [DEBUG] CPU: 12% | Free RAM: 47376.6 MB / 65403.7 MB
[2025-06-20 19:36:19] [DEBUG] CPU: 4% | Free RAM: 47057.7 MB / 65403.7 MB
[2025-06-20 19:36:21] [DEBUG] CPU: 4% | Free RAM: 47108.3 MB / 65403.7 MB
[2025-06-20 19:36:21] [DEBUG] CPU: 6% | Free RAM: 47118.2 MB / 65403.7 MB
[2025-06-20 19:36:22] [DEBUG] CPU: 7% | Free RAM: 47091.1 MB / 65403.7 MB
[2025-06-20 19:36:24] [DEBUG] CPU: 10% | Free RAM: 47089.7 MB / 65403.7 MB
[2025-06-20 19:36:24] [DEBUG] CPU: 3% | Free RAM: 47061.6 MB / 65403.7 MB
[2025-06-20 19:36:25] [DEBUG] CPU: 3% | Free RAM: 47090.5 MB / 65403.7 MB
[2025-06-20 19:36:27] [DEBUG] CPU: 3% | Free RAM: 47094.1 MB / 65403.7 MB
[2025-06-20 19:36:27] [DEBUG] CPU: 2% | Free RAM: 47090.1 MB / 65403.7 MB
[2025-06-20 19:36:29] [DEBUG] CPU: 6% | Free RAM: 47171.2 MB / 65403.7 MB
[2025-06-20 19:36:31] [DEBUG] CPU: 8% | Free RAM: 47172.7 MB / 65403.7 MB
[2025-06-20 19:36:31] [DEBUG] CPU: 6% | Free RAM: 47172.4 MB / 65403.7 MB
[2025-06-20 19:36:32] [DEBUG] CPU: 9% | Free RAM: 47158.5 MB / 65403.7 MB
[2025-06-20 19:36:34] [DEBUG] CPU: 2% | Free RAM: 47167.6 MB / 65403.7 MB
[2025-06-20 19:36:34] [DEBUG] CPU: 4% | Free RAM: 47171.8 MB / 65403.7 MB
[2025-06-20 19:36:35] [DEBUG] CPU: 2% | Free RAM: 47168.8 MB / 65403.7 MB
[2025-06-20 19:36:38] [DEBUG] CPU: 5% | Free RAM: 47155.5 MB / 65403.7 MB
[2025-06-20 19:36:38] [DEBUG] CPU: 10% | Free RAM: 47154.2 MB / 65403.7 MB
[2025-06-20 19:36:39] [INFO] Exiting AHK using the Exit button.
[2025-06-20 19:36:39] [DEBUG] Attempting to save priority: Normal
[2025-06-20 19:36:39] [INFO] TrayTip shown: Priority set to Normal
[2025-06-20 21:41:14] [DEBUG] Command to run:

[2025-06-20 21:41:14] [DEBUG] Attempting to save priority: 
[2025-06-20 21:41:14] [INFO] TrayTip shown: Priority set to 
[2025-06-20 21:41:14] [DEBUG] Command to run:

[2025-06-20 21:41:14] [DEBUG] Monitor Count: 2

Monitor 1:
Left: 0
Top: 0
Right: 1920
Bottom: 1080
Width: 1920
Height: 1080
[2025-06-20 21:41:14] [INFO] RPCS3 Launcher started (elevated)
[2025-06-20 21:41:14] [INFO] OS: 10.0.26100, Arch: 64-bit
[2025-06-20 21:41:14] [INFO] Set default priority to Normal in C:\repos\RPCS3_Launchers\_build\rpcl3.ini
[2025-06-20 21:41:15] [DEBUG] Updated VariableText2 with: 
[2025-06-20 21:41:15] [DEBUG] Updated VariableText3 with: Ridge Racer 7
[2025-06-20 21:41:17] [DEBUG] CPU: 13% | Free RAM: 47479.7 MB / 65403.7 MB
[2025-06-20 21:41:17] [DEBUG] CPU: 11% | Free RAM: 47426.8 MB / 65403.7 MB
[2025-06-20 21:41:17] [DEBUG] Writing Timestamp 2025-06-20 21:41:17 to C:\repos\RPCS3_Launchers\_build\rpcl3.ini
[2025-06-20 21:41:18] [DEBUG] CPU: 2% | Free RAM: 47477.3 MB / 65403.7 MB
[2025-06-20 21:41:19] [DEBUG] CPU: 1% | Free RAM: 47491.5 MB / 65403.7 MB
[2025-06-20 21:41:22] [INFO] Exiting AHK using the Exit button.
[2025-06-20 21:41:22] [DEBUG] Attempting to save priority: Normal
[2025-06-20 21:41:22] [INFO] TrayTip shown: Priority set to Normal
